<?xml version="1.0" encoding="UTF-8"?>
<!-- Generated by org.testng.reporters.JUnitReportReporter -->
<testsuite hostname="DESKTOP-1LUFTC7" name="bdd.runners.RunnerClass" tests="1" failures="0" timestamp="23 Feb 2020 20:57:06 GMT" time="9.538" errors="0">
  <testcase name="feature" time="9.538" classname="bdd.runners.RunnerClass"/>
</testsuite> <!-- bdd.runners.RunnerClass -->
