<?xml version="1.0" encoding="UTF-8"?>
<!-- Generated by org.testng.reporters.JUnitReportReporter -->
<testsuite hostname="DESKTOP-1LUFTC7" name="bdd.runners.RunnerClass" tests="1" failures="0" timestamp="1 Mar 2020 15:57:58 GMT" time="15.657" errors="0">
  <testcase name="feature" time="15.657" classname="bdd.runners.RunnerClass"/>
</testsuite> <!-- bdd.runners.RunnerClass -->
